<?xml version="1.0" encoding="UTF-8"?>
<!-- Generated by org.testng.reporters.JUnitReportReporter -->
<testsuite ignored="0" hostname="LAPTOP-F51O8OAV" failures="0" tests="1" name="pruebang.SelTest" time="21.553" errors="0" timestamp="20 abr. 2024 16:46:34 GMT" skipped="0">
  <testcase classname="pruebang.SelTest" name="f" time="21.553"/>
</testsuite> <!-- pruebang.SelTest -->
